<?xml version="1.0" encoding="UTF-8"?>
<coverage generated="1577939451178" clover="3.2.0">
  <project timestamp="1577939451178" name="All files">
    <metrics statements="10" coveredstatements="8" conditionals="14" coveredconditionals="2" methods="4" coveredmethods="2" elements="28" coveredelements="12" complexity="0" loc="10" ncloc="10" packages="2" files="3" classes="3"/>
    <package name="components.Button">
      <metrics statements="8" coveredstatements="6" conditionals="14" coveredconditionals="2" methods="4" coveredmethods="2"/>
      <file name="index.tsx" path="/home/marcelo/Documents/react-typescript-client/src/components/Button/index.tsx">
        <metrics statements="2" coveredstatements="2" conditionals="2" coveredconditionals="1" methods="1" coveredmethods="1"/>
        <line num="16" count="1" type="stmt"/>
        <line num="17" count="1" type="stmt"/>
      </file>
      <file name="style.ts" path="/home/marcelo/Documents/react-typescript-client/src/components/Button/style.ts">
        <metrics statements="6" coveredstatements="4" conditionals="12" coveredconditionals="1" methods="3" coveredmethods="1"/>
        <line num="4" count="1" type="stmt"/>
        <line num="16" count="1" type="stmt"/>
        <line num="27" count="2" type="stmt"/>
        <line num="35" count="0" type="stmt"/>
        <line num="49" count="0" type="stmt"/>
        <line num="68" count="1" type="stmt"/>
      </file>
    </package>
    <package name="utils">
      <metrics statements="2" coveredstatements="2" conditionals="0" coveredconditionals="0" methods="0" coveredmethods="0"/>
      <file name="theme.ts" path="/home/marcelo/Documents/react-typescript-client/src/utils/theme.ts">
        <metrics statements="2" coveredstatements="2" conditionals="0" coveredconditionals="0" methods="0" coveredmethods="0"/>
        <line num="3" count="1" type="stmt"/>
        <line num="21" count="1" type="stmt"/>
      </file>
    </package>
  </project>
</coverage>
