{"/home/marcelo/Documents/react-typescript-client/src/components/Button/index.tsx": {"path":"/home/marcelo/Documents/react-typescript-client/src/components/Button/index.tsx","statementMap":{"0":{"start":{"line":16,"column":39},"end":{"line":28,"column":1}},"1":{"start":{"line":17,"column":2},"end":{"line":27,"column":4}}},"fnMap":{"0":{"name":"(anonymous_0)","decl":{"start":{"line":16,"column":39},"end":{"line":16,"column":40}},"loc":{"start":{"line":16,"column":70},"end":{"line":28,"column":1}},"line":16}},"branchMap":{"0":{"loc":{"start":{"line":21,"column":20},"end":{"line":21,"column":52}},"type":"cond-expr","locations":[{"start":{"line":21,"column":27},"end":{"line":21,"column":31}},{"start":{"line":21,"column":34},"end":{"line":21,"column":52}}],"line":21}},"s":{"0":1,"1":3},"f":{"0":3},"b":{"0":[1,2]},"_coverageSchema":"43e27e138ebf9cfc5966b082cf9a028302ed4184","hash":"58290c5c4a2a91520ad51b4d29206d5cac71923f"}
,"/home/marcelo/Documents/react-typescript-client/src/components/Button/style.ts": {"path":"/home/marcelo/Documents/react-typescript-client/src/components/Button/style.ts","statementMap":{"0":{"start":{"line":4,"column":29},"end":{"line":14,"column":1}},"1":{"start":{"line":16,"column":28},"end":{"line":66,"column":1}},"2":{"start":{"line":27,"column":4},"end":{"line":33,"column":6}},"3":{"start":{"line":35,"column":4},"end":{"line":39,"column":6}},"4":{"start":{"line":49,"column":6},"end":{"line":55,"column":9}},"5":{"start":{"line":68,"column":21},"end":{"line":73,"column":1}}},"fnMap":{"0":{"name":"(anonymous_0)","decl":{"start":{"line":26,"column":4},"end":{"line":26,"column":5}},"loc":{"start":{"line":27,"column":4},"end":{"line":33,"column":6}},"line":27},"1":{"name":"(anonymous_1)","decl":{"start":{"line":34,"column":4},"end":{"line":34,"column":5}},"loc":{"start":{"line":35,"column":4},"end":{"line":39,"column":6}},"line":35},"2":{"name":"(anonymous_2)","decl":{"start":{"line":48,"column":6},"end":{"line":48,"column":7}},"loc":{"start":{"line":49,"column":6},"end":{"line":55,"column":9}},"line":49}},"branchMap":{"0":{"loc":{"start":{"line":28,"column":6},"end":{"line":32,"column":27}},"type":"cond-expr","locations":[{"start":{"line":29,"column":10},"end":{"line":29,"column":28}},{"start":{"line":30,"column":10},"end":{"line":32,"column":27}}],"line":28},"1":{"loc":{"start":{"line":30,"column":10},"end":{"line":32,"column":27}},"type":"cond-expr","locations":[{"start":{"line":31,"column":10},"end":{"line":31,"column":28}},{"start":{"line":32,"column":10},"end":{"line":32,"column":27}}],"line":30},"2":{"loc":{"start":{"line":36,"column":6},"end":{"line":38,"column":27}},"type":"cond-expr","locations":[{"start":{"line":37,"column":10},"end":{"line":37,"column":28}},{"start":{"line":38,"column":10},"end":{"line":38,"column":27}}],"line":36},"3":{"loc":{"start":{"line":36,"column":6},"end":{"line":36,"column":77}},"type":"binary-expr","locations":[{"start":{"line":36,"column":6},"end":{"line":36,"column":39}},{"start":{"line":36,"column":43},"end":{"line":36,"column":77}}],"line":36},"4":{"loc":{"start":{"line":50,"column":8},"end":{"line":54,"column":29}},"type":"cond-expr","locations":[{"start":{"line":51,"column":12},"end":{"line":51,"column":30}},{"start":{"line":52,"column":12},"end":{"line":54,"column":29}}],"line":50},"5":{"loc":{"start":{"line":52,"column":12},"end":{"line":54,"column":29}},"type":"cond-expr","locations":[{"start":{"line":53,"column":12},"end":{"line":53,"column":30}},{"start":{"line":54,"column":12},"end":{"line":54,"column":29}}],"line":52}},"s":{"0":1,"1":1,"2":3,"3":3,"4":3,"5":1},"f":{"0":3,"1":3,"2":3},"b":{"0":[2,1],"1":[1,0],"2":[2,1],"3":[3,1],"4":[2,1],"5":[1,0]},"_coverageSchema":"43e27e138ebf9cfc5966b082cf9a028302ed4184","hash":"5d70d6a97b6bf5d6c19c03340d552f5432bcf175"}
,"/home/marcelo/Documents/react-typescript-client/src/utils/render.tsx": {"path":"/home/marcelo/Documents/react-typescript-client/src/utils/render.tsx","statementMap":{"0":{"start":{"line":6,"column":22},"end":{"line":10,"column":1}},"1":{"start":{"line":7,"column":2},"end":{"line":9,"column":4}}},"fnMap":{"0":{"name":"(anonymous_0)","decl":{"start":{"line":6,"column":22},"end":{"line":6,"column":23}},"loc":{"start":{"line":6,"column":50},"end":{"line":10,"column":1}},"line":6}},"branchMap":{},"s":{"0":1,"1":3},"f":{"0":3},"b":{},"_coverageSchema":"43e27e138ebf9cfc5966b082cf9a028302ed4184","hash":"06fe4331fd1fd81ad917f710622a5d5efedf21e1"}
,"/home/marcelo/Documents/react-typescript-client/src/utils/theme.ts": {"path":"/home/marcelo/Documents/react-typescript-client/src/utils/theme.ts","statementMap":{"0":{"start":{"line":3,"column":21},"end":{"line":18,"column":1}},"1":{"start":{"line":21,"column":22},"end":{"line":21,"column":64}}},"fnMap":{},"branchMap":{},"s":{"0":1,"1":1},"f":{},"b":{},"_coverageSchema":"43e27e138ebf9cfc5966b082cf9a028302ed4184","hash":"68d41bcdf7117f3b78a628082657c239d3f5abb1"}
}
