TN:
SF:/home/marcelo/Documents/react-typescript-client/src/components/Button/index.tsx
FN:16,(anonymous_0)
FNF:1
FNH:1
FNDA:3,(anonymous_0)
DA:16,1
DA:17,3
LF:2
LH:2
BRDA:21,0,0,1
BRDA:21,0,1,2
BRF:2
BRH:2
end_of_record
TN:
SF:/home/marcelo/Documents/react-typescript-client/src/components/Button/style.ts
FN:26,(anonymous_0)
FN:34,(anonymous_1)
FN:48,(anonymous_2)
FNF:3
FNH:3
FNDA:3,(anonymous_0)
FNDA:3,(anonymous_1)
FNDA:3,(anonymous_2)
DA:4,1
DA:16,1
DA:27,3
DA:35,3
DA:49,3
DA:68,1
LF:6
LH:6
BRDA:28,0,0,2
BRDA:28,0,1,1
BRDA:30,1,0,1
BRDA:30,1,1,0
BRDA:36,2,0,2
BRDA:36,2,1,1
BRDA:36,3,0,3
BRDA:36,3,1,1
BRDA:50,4,0,2
BRDA:50,4,1,1
BRDA:52,5,0,1
BRDA:52,5,1,0
BRF:12
BRH:10
end_of_record
TN:
SF:/home/marcelo/Documents/react-typescript-client/src/utils/render.tsx
FN:6,(anonymous_0)
FNF:1
FNH:1
FNDA:3,(anonymous_0)
DA:6,1
DA:7,3
LF:2
LH:2
BRF:0
BRH:0
end_of_record
TN:
SF:/home/marcelo/Documents/react-typescript-client/src/utils/theme.ts
FNF:0
FNH:0
DA:3,1
DA:21,1
LF:2
LH:2
BRF:0
BRH:0
end_of_record
